<?xml version="1.0" encoding="UTF-8"?>
<testsuite xmlns:xsi="http://www.w3.org/2001/XMLSchema-instance" xsi:noNamespaceSchemaLocation="https://maven.apache.org/surefire/maven-surefire-plugin/xsd/surefire-test-report.xsd" version="3.0.2" name="br.com.fagnerdev.StartupTests" time="9.101" tests="1" errors="0" skipped="0" failures="0">
  <properties>
[...]
</properties>
  <testcase name="contextLoads" classname="br.com.fagnerdev.StartupTests" time="2.711">
    <system-out><![CDATA[15:44:54.261 [main] INFO org.springframework.test.context.support.AnnotationConfigContextLoaderUtils -- Could not detect default configuration classes for test class [br.com.fagnerdev.StartupTests]: StartupTests does not declare any static, non-private, non-final, nested classes annotated with @Configuration.
15:44:54.608 [main] INFO org.springframework.boot.test.context.SpringBootTestContextBootstrapper -- Found @SpringBootConfiguration br.com.fagnerdev.Startup for test class br.com.fagnerdev.StartupTests
15:44:55.289 [main] INFO org.springframework.boot.devtools.restart.RestartApplicationListener -- Restart disabled due to context in which it is running

  .   ____          _            __ _ _
 /\\ / ___'_ __ _ _(_)_ __  __ _ \ \ \ \
( ( )\___ | '_ | '_| | '_ \/ _` | \ \ \ \
 \\/  ___)| |_)| | | | | || (_| |  ) ) ) )
  '  |____| .__|_| |_|_| |_\__, | / / / /
 =========|_|==============|___/=/_/_/_/

 :: Spring Boot ::                (v4.0.0)

2025-12-12T15:44:56.338-03:00  INFO 20120 --- [           main] br.com.fagnerdev.StartupTests            : Starting StartupTests using Java 21.0.9 with PID 20120 (started by fagne in G:\Meu Drive\bkp 2025\workspace\rest-with-spring-boot-and-java\rest-with-spring-boot-and-java)
2025-12-12T15:44:56.341-03:00  INFO 20120 --- [           main] br.com.fagnerdev.StartupTests            : No active profile set, falling back to 1 default profile: "default"
2025-12-12T15:44:59.757-03:00  INFO 20120 --- [           main] br.com.fagnerdev.StartupTests            : Started StartupTests in 4.518 seconds (process running for 8.209)
]]></system-out>
    <system-err><![CDATA[Mockito is currently self-attaching to enable the inline-mock-maker. This will no longer work in future releases of the JDK. Please add Mockito as an agent to your build as described in Mockito's documentation: https://javadoc.io/doc/org.mockito/mockito-core/latest/org.mockito/org/mockito/Mockito.html#0.3
WARNING: A Java agent has been loaded dynamically (C:\Users\fagne\.m2\repository\net\bytebuddy\byte-buddy-agent\1.17.8\byte-buddy-agent-1.17.8.jar)
WARNING: If a serviceability tool is in use, please run with -XX:+EnableDynamicAgentLoading to hide this warning
WARNING: If a serviceability tool is not in use, please run with -Djdk.instrument.traceUsage for more information
WARNING: Dynamic loading of agents will be disallowed by default in a future release
]]></system-err>
  </testcase>
</testsuite>